TN:
SF:src/App.tsx
FN:8,App
FNF:1
FNH:1
FNDA:2,App
DA:1,1
DA:2,1
DA:4,1
DA:5,1
DA:6,1
DA:9,2
DA:22,1
LF:7
LH:7
BRF:0
BRH:0
end_of_record
TN:
SF:src/components/Loader/Loader.tsx
FN:8,(anonymous_0)
FN:15,(anonymous_1)
FN:19,(anonymous_2)
FN:20,(anonymous_3)
FN:24,(anonymous_4)
FNF:5
FNH:3
FNDA:2,(anonymous_0)
FNDA:1,(anonymous_1)
FNDA:0,(anonymous_2)
FNDA:0,(anonymous_3)
FNDA:1,(anonymous_4)
DA:1,3
DA:8,3
DA:12,2
DA:13,2
DA:15,2
DA:18,1
DA:19,1
DA:20,0
DA:24,1
DA:27,2
DA:34,3
LF:11
LH:10
BRDA:10,0,0,0
BRDA:18,1,0,1
BRDA:27,2,0,2
BRDA:27,2,1,0
BRF:4
BRH:2
end_of_record
TN:
SF:src/pages/Auth/Auth.tsx
FN:16,(anonymous_8)
FN:28,(anonymous_9)
FN:29,(anonymous_10)
FN:29,(anonymous_11)
FN:44,(anonymous_12)
FN:51,(anonymous_13)
FN:58,(anonymous_14)
FN:69,(anonymous_15)
FN:69,(anonymous_16)
FN:75,(anonymous_17)
FN:91,(anonymous_18)
FN:99,(anonymous_19)
FN:119,(anonymous_20)
FN:125,(anonymous_21)
FN:134,(anonymous_22)
FN:140,(anonymous_23)
FN:153,(anonymous_24)
FN:163,(anonymous_25)
FN:172,(anonymous_26)
FNF:19
FNH:11
FNDA:7,(anonymous_8)
FNDA:7,(anonymous_9)
FNDA:7,(anonymous_10)
FNDA:7,(anonymous_11)
FNDA:5,(anonymous_12)
FNDA:5,(anonymous_13)
FNDA:6,(anonymous_14)
FNDA:1,(anonymous_15)
FNDA:1,(anonymous_16)
FNDA:0,(anonymous_17)
FNDA:0,(anonymous_18)
FNDA:0,(anonymous_19)
FNDA:0,(anonymous_20)
FNDA:0,(anonymous_21)
FNDA:0,(anonymous_22)
FNDA:0,(anonymous_23)
FNDA:1,(anonymous_24)
FNDA:0,(anonymous_25)
FNDA:1,(anonymous_26)
DA:1,2
DA:3,2
DA:5,2
DA:6,2
DA:16,2
DA:17,7
DA:19,7
DA:20,7
DA:21,7
DA:22,7
DA:23,7
DA:24,7
DA:25,7
DA:28,7
DA:29,7
DA:30,7
DA:31,5
DA:33,7
DA:44,7
DA:45,5
DA:46,5
DA:51,7
DA:52,5
DA:53,5
DA:58,7
DA:59,6
DA:60,1
DA:69,7
DA:70,1
DA:71,1
DA:73,1
DA:75,0
DA:80,0
DA:81,0
DA:85,0
DA:86,1
DA:91,0
DA:96,0
DA:97,1
DA:99,0
DA:107,0
DA:108,0
DA:111,0
DA:113,0
DA:115,0
DA:116,0
DA:118,0
DA:119,0
DA:125,0
DA:133,0
DA:134,0
DA:135,0
DA:138,1
DA:140,0
DA:144,0
DA:145,1
DA:146,1
DA:149,1
DA:153,7
DA:154,1
DA:157,7
DA:163,0
DA:173,1
DA:226,2
LF:64
LH:42
BRDA:45,0,0,5
BRDA:52,1,0,5
BRDA:59,2,0,1
BRDA:59,3,0,6
BRDA:59,3,1,2
BRDA:70,4,0,1
BRDA:73,5,0,0
BRDA:73,5,1,1
BRDA:73,6,0,1
BRDA:73,6,1,0
BRDA:86,7,0,0
BRDA:86,7,1,1
BRDA:87,8,0,1
BRDA:87,8,1,0
BRDA:97,9,0,0
BRDA:97,9,1,1
BRDA:97,10,0,1
BRDA:97,10,1,0
BRDA:97,11,0,1
BRDA:97,11,1,1
BRDA:113,12,0,0
BRDA:113,12,1,0
BRDA:118,13,0,0
BRDA:118,13,1,0
BRDA:138,14,0,0
BRDA:138,14,1,1
BRDA:138,15,0,1
BRDA:138,15,1,0
BRDA:145,16,0,1
BRDA:175,17,0,0
BRDA:175,17,1,1
BRDA:178,18,0,0
BRDA:178,18,1,1
BRDA:178,19,0,1
BRDA:178,19,1,0
BRDA:183,20,0,1
BRDA:183,20,1,0
BRDA:191,21,0,7
BRDA:191,21,1,1
BRDA:191,21,2,7
BRDA:198,22,0,0
BRDA:198,22,1,7
BRDA:198,23,0,6
BRDA:198,23,1,1
BRDA:198,24,0,7
BRDA:198,24,1,7
BRDA:207,25,0,0
BRDA:207,25,1,7
BRDA:207,26,0,6
BRDA:207,26,1,1
BRDA:207,27,0,7
BRDA:207,27,1,7
BRDA:217,28,0,7
BRDA:217,28,1,0
BRF:54
BRH:35
end_of_record
TN:
SF:src/pages/Auth/index.ts
FN:1,(anonymous_1)
FNF:1
FNH:1
FNDA:2,(anonymous_1)
DA:1,3
LF:1
LH:1
BRF:0
BRH:0
end_of_record
TN:
SF:src/pages/Chat/Chat.tsx
FN:25,(anonymous_8)
FN:40,(anonymous_9)
FN:43,(anonymous_10)
FN:44,(anonymous_11)
FN:46,(anonymous_12)
FN:47,(anonymous_13)
FN:49,(anonymous_14)
FN:56,(anonymous_15)
FN:63,(anonymous_16)
FN:64,(anonymous_17)
FN:64,(anonymous_18)
FN:71,(anonymous_19)
FN:73,(anonymous_20)
FN:78,(anonymous_21)
FN:78,(anonymous_22)
FN:90,(anonymous_23)
FN:90,(anonymous_24)
FN:95,(anonymous_25)
FN:95,(anonymous_26)
FN:100,(anonymous_27)
FN:132,(anonymous_28)
FN:151,(anonymous_29)
FN:166,(anonymous_30)
FN:172,(anonymous_31)
FN:184,(anonymous_32)
FN:201,(anonymous_33)
FN:202,(anonymous_34)
FNF:27
FNH:12
FNDA:11,(anonymous_8)
FNDA:2,(anonymous_9)
FNDA:0,(anonymous_10)
FNDA:0,(anonymous_11)
FNDA:0,(anonymous_12)
FNDA:0,(anonymous_13)
FNDA:0,(anonymous_14)
FNDA:2,(anonymous_15)
FNDA:8,(anonymous_16)
FNDA:8,(anonymous_17)
FNDA:8,(anonymous_18)
FNDA:1,(anonymous_19)
FNDA:1,(anonymous_20)
FNDA:0,(anonymous_21)
FNDA:0,(anonymous_22)
FNDA:0,(anonymous_23)
FNDA:0,(anonymous_24)
FNDA:0,(anonymous_25)
FNDA:0,(anonymous_26)
FNDA:2,(anonymous_27)
FNDA:0,(anonymous_28)
FNDA:0,(anonymous_29)
FNDA:0,(anonymous_30)
FNDA:0,(anonymous_31)
FNDA:2,(anonymous_32)
FNDA:1,(anonymous_33)
FNDA:1,(anonymous_34)
DA:1,2
DA:2,2
DA:3,2
DA:4,2
DA:6,2
DA:7,2
DA:18,2
DA:19,2
DA:25,2
DA:26,11
DA:27,11
DA:29,11
DA:30,11
DA:31,11
DA:32,11
DA:33,11
DA:34,11
DA:35,11
DA:37,11
DA:38,11
DA:40,11
DA:41,2
DA:43,2
DA:44,2
DA:46,2
DA:47,0
DA:49,0
DA:50,0
DA:52,0
DA:56,2
DA:57,2
DA:58,2
DA:59,2
DA:63,11
DA:64,8
DA:65,8
DA:66,8
DA:68,8
DA:71,11
DA:72,1
DA:73,1
DA:74,1
DA:78,11
DA:79,0
DA:80,0
DA:81,0
DA:82,0
DA:83,0
DA:85,0
DA:90,11
DA:91,0
DA:92,0
DA:95,11
DA:96,0
DA:97,0
DA:100,11
DA:101,2
DA:104,11
DA:132,0
DA:151,0
DA:166,0
DA:173,0
DA:185,2
DA:201,1
DA:203,1
DA:204,1
DA:216,2
LF:67
LH:49
BRDA:33,0,0,11
BRDA:33,0,1,0
BRDA:33,1,0,0
BRDA:33,1,1,11
BRDA:33,2,0,11
BRDA:33,2,1,11
BRDA:49,3,0,0
BRDA:72,4,0,1
BRDA:79,5,0,0
BRDA:79,6,0,0
BRDA:79,6,1,0
BRDA:79,7,0,0
BRDA:79,7,1,0
BRDA:79,8,0,0
BRDA:79,8,1,0
BRDA:81,9,0,0
BRDA:81,9,1,0
BRDA:101,10,0,0
BRDA:101,10,1,2
BRDA:101,11,0,2
BRDA:101,11,1,2
BRDA:109,12,0,9
BRDA:109,12,1,2
BRDA:120,13,0,11
BRDA:120,13,1,11
BRDA:120,13,2,7
BRDA:122,14,0,0
BRDA:122,14,1,7
BRDA:165,15,0,11
BRDA:165,15,1,0
BRDA:195,16,0,0
BRDA:195,16,1,11
BRDA:203,17,0,1
BRF:33
BRH:17
end_of_record
TN:
SF:src/pages/Chat/index.ts
FN:1,(anonymous_1)
FNF:1
FNH:1
FNDA:2,(anonymous_1)
DA:1,3
LF:1
LH:1
BRF:0
BRH:0
end_of_record
TN:
SF:src/pages/Registration/Registration.tsx
FN:13,(anonymous_8)
FN:24,(anonymous_9)
FN:28,(anonymous_10)
FN:32,(anonymous_11)
FN:36,(anonymous_12)
FN:36,(anonymous_13)
FN:42,(anonymous_14)
FN:50,(anonymous_15)
FN:58,(anonymous_16)
FN:71,(anonymous_17)
FN:83,(anonymous_18)
FN:85,(anonymous_19)
FN:98,(anonymous_20)
FN:100,(anonymous_21)
FN:110,(anonymous_22)
FN:121,(anonymous_23)
FN:131,(anonymous_24)
FN:140,(anonymous_25)
FNF:18
FNH:17
FNDA:33,(anonymous_8)
FNDA:5,(anonymous_9)
FNDA:22,(anonymous_10)
FNDA:22,(anonymous_11)
FNDA:10,(anonymous_12)
FNDA:10,(anonymous_13)
FNDA:4,(anonymous_14)
FNDA:3,(anonymous_15)
FNDA:1,(anonymous_16)
FNDA:2,(anonymous_17)
FNDA:1,(anonymous_18)
FNDA:6,(anonymous_19)
FNDA:1,(anonymous_20)
FNDA:6,(anonymous_21)
FNDA:1,(anonymous_22)
FNDA:10,(anonymous_23)
FNDA:0,(anonymous_24)
FNDA:98,(anonymous_25)
DA:1,2
DA:2,2
DA:3,2
DA:4,2
DA:13,2
DA:14,33
DA:15,33
DA:16,33
DA:17,33
DA:18,33
DA:19,33
DA:20,33
DA:21,33
DA:22,33
DA:24,33
DA:25,5
DA:28,33
DA:29,22
DA:32,33
DA:33,22
DA:36,33
DA:37,10
DA:38,10
DA:40,10
DA:41,4
DA:42,4
DA:47,4
DA:48,6
DA:49,3
DA:50,3
DA:55,3
DA:56,3
DA:57,3
DA:58,1
DA:66,1
DA:67,1
DA:71,2
DA:75,2
DA:76,2
DA:78,2
DA:79,2
DA:81,2
DA:83,1
DA:84,1
DA:85,6
DA:94,1
DA:95,1
DA:98,1
DA:99,1
DA:100,6
DA:110,1
DA:112,0
DA:113,0
DA:114,0
DA:115,0
DA:116,0
DA:121,33
DA:122,10
DA:125,33
DA:131,0
DA:141,98
DA:196,2
LF:62
LH:56
BRDA:29,0,0,0
BRDA:29,0,1,22
BRDA:29,1,0,22
BRDA:29,1,1,22
BRDA:33,2,0,0
BRDA:33,2,1,22
BRDA:33,3,0,22
BRDA:33,3,1,22
BRDA:37,4,0,10
BRDA:40,5,0,4
BRDA:40,5,1,6
BRDA:48,6,0,3
BRDA:48,6,1,3
BRDA:56,7,0,3
BRDA:56,7,1,0
BRDA:57,8,0,1
BRDA:81,9,0,1
BRDA:81,9,1,1
BRDA:112,10,0,0
BRDA:143,11,0,2
BRDA:143,11,1,96
BRDA:146,12,0,12
BRDA:146,12,1,86
BRDA:146,13,0,98
BRDA:146,13,1,31
BRDA:151,14,0,86
BRDA:151,14,1,2
BRDA:159,15,0,33
BRDA:159,15,1,28
BRDA:159,15,2,33
BRDA:166,16,0,14
BRDA:166,16,1,19
BRDA:166,17,0,5
BRDA:166,17,1,28
BRDA:166,18,0,33
BRDA:166,18,1,33
BRDA:176,19,0,8
BRDA:176,19,1,25
BRDA:176,20,0,5
BRDA:176,20,1,28
BRDA:176,21,0,33
BRDA:176,21,1,33
BRDA:179,22,0,6
BRDA:179,22,1,19
BRDA:179,23,0,5
BRDA:179,23,1,20
BRDA:179,24,0,25
BRDA:179,24,1,25
BRF:48
BRH:44
end_of_record
TN:
SF:src/pages/Registration/index.ts
FN:1,(anonymous_1)
FNF:1
FNH:1
FNDA:2,(anonymous_1)
DA:1,3
LF:1
LH:1
BRF:0
BRH:0
end_of_record
TN:
SF:src/stores/useAuthStore.ts
FN:16,(anonymous_8)
FN:17,(anonymous_9)
FN:17,(anonymous_10)
FN:30,(anonymous_11)
FN:30,(anonymous_12)
FN:44,(anonymous_13)
FN:44,(anonymous_14)
FN:57,(anonymous_15)
FN:57,(anonymous_16)
FNF:9
FNH:9
FNDA:2,(anonymous_8)
FNDA:2,(anonymous_9)
FNDA:2,(anonymous_10)
FNDA:2,(anonymous_11)
FNDA:2,(anonymous_12)
FNDA:2,(anonymous_13)
FNDA:2,(anonymous_14)
FNDA:4,(anonymous_15)
FNDA:4,(anonymous_16)
DA:1,2
DA:2,2
DA:3,2
DA:14,2
DA:16,2
DA:17,2
DA:18,2
DA:19,2
DA:24,1
DA:26,1
DA:30,2
DA:31,2
DA:32,2
DA:37,1
DA:38,1
DA:40,1
DA:44,2
DA:45,2
DA:46,2
DA:51,1
DA:53,1
DA:57,4
DA:58,4
DA:59,4
DA:62,1
DA:63,1
DA:65,1
DA:66,1
LF:28
LH:28
BRF:0
BRH:0
end_of_record
TN:
SF:src/stores/useUserStore.ts
FN:19,(anonymous_8)
FN:21,(anonymous_9)
FN:23,(anonymous_10)
FN:23,(anonymous_11)
FN:40,(anonymous_12)
FN:40,(anonymous_13)
FNF:6
FNH:4
FNDA:3,(anonymous_8)
FNDA:1,(anonymous_9)
FNDA:3,(anonymous_10)
FNDA:3,(anonymous_11)
FNDA:0,(anonymous_12)
FNDA:0,(anonymous_13)
DA:1,3
DA:2,3
DA:17,3
DA:19,3
DA:21,1
DA:23,3
DA:24,3
DA:25,3
DA:27,2
DA:28,2
DA:33,1
DA:34,1
DA:36,1
DA:40,0
DA:41,0
DA:42,0
DA:43,0
DA:44,0
DA:45,0
DA:46,0
DA:48,0
LF:21
LH:13
BRDA:25,0,0,1
BRDA:42,1,0,0
BRF:2
BRH:1
end_of_record
