TN:
SF:src/App.tsx
FN:8,App
FNF:1
FNH:1
FNDA:2,App
DA:1,1
DA:2,1
DA:4,1
DA:5,1
DA:6,1
DA:9,2
DA:22,1
LF:7
LH:7
BRF:0
BRH:0
end_of_record
TN:
SF:src/components/Loader/Loader.tsx
FN:8,(anonymous_0)
FN:15,(anonymous_1)
FN:19,(anonymous_2)
FN:20,(anonymous_3)
FN:24,(anonymous_4)
FNF:5
FNH:5
FNDA:9,(anonymous_0)
FNDA:5,(anonymous_1)
FNDA:4,(anonymous_2)
FNDA:4,(anonymous_3)
FNDA:5,(anonymous_4)
DA:1,4
DA:8,4
DA:12,9
DA:13,9
DA:15,9
DA:18,5
DA:19,4
DA:20,4
DA:24,5
DA:27,9
DA:34,4
LF:11
LH:11
BRDA:10,0,0,1
BRDA:18,1,0,4
BRDA:27,2,0,8
BRDA:27,2,1,1
BRF:4
BRH:4
end_of_record
TN:
SF:src/pages/Auth/Auth.tsx
FN:16,(anonymous_8)
FN:19,(anonymous_9)
FN:30,(anonymous_10)
FN:31,(anonymous_11)
FN:31,(anonymous_12)
FN:46,(anonymous_13)
FN:53,(anonymous_14)
FN:60,(anonymous_15)
FN:72,(anonymous_16)
FN:72,(anonymous_17)
FN:78,(anonymous_18)
FN:93,(anonymous_19)
FN:114,(anonymous_20)
FN:128,(anonymous_21)
FN:138,(anonymous_22)
FN:144,(anonymous_23)
FN:157,(anonymous_24)
FN:167,(anonymous_25)
FN:176,(anonymous_26)
FNF:19
FNH:13
FNDA:5,(anonymous_8)
FNDA:17,(anonymous_9)
FNDA:13,(anonymous_10)
FNDA:13,(anonymous_11)
FNDA:13,(anonymous_12)
FNDA:9,(anonymous_13)
FNDA:9,(anonymous_14)
FNDA:12,(anonymous_15)
FNDA:1,(anonymous_16)
FNDA:1,(anonymous_17)
FNDA:1,(anonymous_18)
FNDA:0,(anonymous_19)
FNDA:0,(anonymous_20)
FNDA:0,(anonymous_21)
FNDA:0,(anonymous_22)
FNDA:0,(anonymous_23)
FNDA:1,(anonymous_24)
FNDA:0,(anonymous_25)
FNDA:13,(anonymous_26)
DA:1,2
DA:3,2
DA:5,2
DA:6,2
DA:16,2
DA:17,5
DA:19,2
DA:20,17
DA:21,17
DA:22,17
DA:23,17
DA:24,17
DA:25,17
DA:26,17
DA:27,17
DA:30,17
DA:31,13
DA:32,13
DA:33,11
DA:35,13
DA:46,17
DA:47,9
DA:48,9
DA:53,17
DA:54,9
DA:55,9
DA:60,17
DA:61,12
DA:62,3
DA:72,17
DA:73,1
DA:74,1
DA:76,1
DA:78,1
DA:87,1
DA:88,0
DA:93,0
DA:102,0
DA:103,0
DA:106,0
DA:108,0
DA:110,0
DA:111,0
DA:113,0
DA:114,0
DA:128,0
DA:137,0
DA:138,0
DA:139,0
DA:142,0
DA:144,0
DA:152,0
DA:157,17
DA:158,1
DA:161,17
DA:167,0
DA:177,13
DA:240,2
LF:58
LH:40
BRDA:47,0,0,9
BRDA:54,1,0,9
BRDA:61,2,0,3
BRDA:61,3,0,12
BRDA:61,3,1,7
BRDA:73,4,0,1
BRDA:76,5,0,1
BRDA:76,5,1,0
BRDA:76,6,0,1
BRDA:76,6,1,1
BRDA:88,7,0,0
BRDA:88,7,1,0
BRDA:89,8,0,0
BRDA:89,8,1,0
BRDA:108,9,0,0
BRDA:108,9,1,0
BRDA:113,10,0,0
BRDA:113,10,1,0
BRDA:142,11,0,0
BRDA:142,12,0,0
BRDA:142,12,1,0
BRDA:179,13,0,0
BRDA:179,13,1,13
BRDA:182,14,0,0
BRDA:182,14,1,13
BRDA:182,15,0,13
BRDA:182,15,1,2
BRDA:187,16,0,13
BRDA:187,16,1,0
BRDA:199,17,0,17
BRDA:199,17,1,9
BRDA:199,17,2,17
BRDA:206,18,0,2
BRDA:206,18,1,15
BRDA:206,19,0,8
BRDA:206,19,1,9
BRDA:206,20,0,17
BRDA:206,20,1,17
BRDA:215,21,0,2
BRDA:215,21,1,15
BRDA:215,22,0,8
BRDA:215,22,1,9
BRDA:215,23,0,17
BRDA:215,23,1,17
BRDA:225,24,0,17
BRDA:225,24,1,0
BRF:46
BRH:30
end_of_record
TN:
SF:src/pages/Auth/index.ts
FN:1,(anonymous_1)
FNF:1
FNH:1
FNDA:2,(anonymous_1)
DA:1,3
LF:1
LH:1
BRF:0
BRH:0
end_of_record
TN:
SF:src/pages/Chat/Chat.tsx
FN:17,(anonymous_8)
FN:28,(anonymous_9)
FN:43,(anonymous_10)
FN:44,(anonymous_11)
FN:47,(anonymous_12)
FN:55,(anonymous_13)
FN:58,(anonymous_14)
FN:59,(anonymous_15)
FN:66,(anonymous_16)
FN:74,(anonymous_17)
FN:75,(anonymous_18)
FN:75,(anonymous_19)
FN:82,(anonymous_20)
FN:84,(anonymous_21)
FN:89,(anonymous_22)
FN:89,(anonymous_23)
FN:101,(anonymous_24)
FN:101,(anonymous_25)
FN:106,(anonymous_26)
FN:106,(anonymous_27)
FN:111,(anonymous_28)
FN:143,(anonymous_29)
FN:162,(anonymous_30)
FN:177,(anonymous_31)
FN:183,(anonymous_32)
FN:195,(anonymous_33)
FN:212,(anonymous_34)
FN:213,(anonymous_35)
FNF:28
FNH:13
FNDA:2,(anonymous_8)
FNDA:11,(anonymous_9)
FNDA:0,(anonymous_10)
FNDA:0,(anonymous_11)
FNDA:0,(anonymous_12)
FNDA:2,(anonymous_13)
FNDA:0,(anonymous_14)
FNDA:0,(anonymous_15)
FNDA:2,(anonymous_16)
FNDA:8,(anonymous_17)
FNDA:8,(anonymous_18)
FNDA:8,(anonymous_19)
FNDA:1,(anonymous_20)
FNDA:1,(anonymous_21)
FNDA:0,(anonymous_22)
FNDA:0,(anonymous_23)
FNDA:0,(anonymous_24)
FNDA:0,(anonymous_25)
FNDA:0,(anonymous_26)
FNDA:0,(anonymous_27)
FNDA:2,(anonymous_28)
FNDA:0,(anonymous_29)
FNDA:0,(anonymous_30)
FNDA:0,(anonymous_31)
FNDA:0,(anonymous_32)
FNDA:2,(anonymous_33)
FNDA:1,(anonymous_34)
FNDA:1,(anonymous_35)
DA:1,2
DA:2,2
DA:3,2
DA:4,2
DA:6,2
DA:7,2
DA:17,2
DA:18,2
DA:21,2
DA:22,2
DA:28,2
DA:29,11
DA:30,11
DA:32,11
DA:33,11
DA:34,11
DA:35,11
DA:36,11
DA:37,11
DA:38,11
DA:40,11
DA:41,11
DA:43,11
DA:44,0
DA:47,0
DA:49,0
DA:51,0
DA:55,11
DA:56,2
DA:58,2
DA:59,2
DA:62,2
DA:63,2
DA:64,2
DA:66,2
DA:68,2
DA:69,2
DA:70,2
DA:74,11
DA:75,8
DA:76,8
DA:77,8
DA:79,8
DA:82,11
DA:83,1
DA:84,1
DA:85,1
DA:89,11
DA:90,0
DA:91,0
DA:92,0
DA:93,0
DA:94,0
DA:96,0
DA:101,11
DA:102,0
DA:103,0
DA:106,11
DA:107,0
DA:108,0
DA:111,11
DA:112,2
DA:115,11
DA:143,0
DA:162,0
DA:177,0
DA:184,0
DA:196,2
DA:212,1
DA:214,1
DA:215,1
DA:227,2
LF:72
LH:54
BRDA:36,0,0,11
BRDA:36,0,1,0
BRDA:36,1,0,11
BRDA:36,1,1,11
BRDA:36,2,0,0
BRDA:36,2,1,11
BRDA:36,3,0,11
BRDA:36,3,1,11
BRDA:47,4,0,0
BRDA:83,5,0,1
BRDA:90,6,0,0
BRDA:90,7,0,0
BRDA:90,7,1,0
BRDA:90,8,0,0
BRDA:90,8,1,0
BRDA:90,9,0,0
BRDA:90,9,1,0
BRDA:92,10,0,0
BRDA:92,10,1,0
BRDA:112,11,0,0
BRDA:112,11,1,2
BRDA:112,12,0,2
BRDA:112,12,1,2
BRDA:120,13,0,9
BRDA:120,13,1,2
BRDA:131,14,0,11
BRDA:131,14,1,11
BRDA:131,14,2,7
BRDA:133,15,0,0
BRDA:133,15,1,7
BRDA:176,16,0,11
BRDA:176,16,1,0
BRDA:206,17,0,0
BRDA:206,17,1,11
BRDA:214,18,0,1
BRF:35
BRH:19
end_of_record
TN:
SF:src/pages/Chat/index.ts
FN:1,(anonymous_1)
FNF:1
FNH:1
FNDA:2,(anonymous_1)
DA:1,3
LF:1
LH:1
BRF:0
BRH:0
end_of_record
TN:
SF:src/pages/Registration/Registration.tsx
FN:13,(anonymous_8)
FN:16,(anonymous_9)
FN:27,(anonymous_10)
FN:31,(anonymous_11)
FN:35,(anonymous_12)
FN:39,(anonymous_13)
FN:39,(anonymous_14)
FN:45,(anonymous_15)
FN:53,(anonymous_16)
FN:61,(anonymous_17)
FN:74,(anonymous_18)
FN:86,(anonymous_19)
FN:88,(anonymous_20)
FN:101,(anonymous_21)
FN:103,(anonymous_22)
FN:113,(anonymous_23)
FN:124,(anonymous_24)
FN:142,(anonymous_25)
FN:151,(anonymous_26)
FNF:19
FNH:18
FNDA:98,(anonymous_8)
FNDA:33,(anonymous_9)
FNDA:5,(anonymous_10)
FNDA:22,(anonymous_11)
FNDA:22,(anonymous_12)
FNDA:10,(anonymous_13)
FNDA:10,(anonymous_14)
FNDA:4,(anonymous_15)
FNDA:3,(anonymous_16)
FNDA:1,(anonymous_17)
FNDA:2,(anonymous_18)
FNDA:1,(anonymous_19)
FNDA:6,(anonymous_20)
FNDA:1,(anonymous_21)
FNDA:6,(anonymous_22)
FNDA:1,(anonymous_23)
FNDA:10,(anonymous_24)
FNDA:0,(anonymous_25)
FNDA:98,(anonymous_26)
DA:1,2
DA:2,2
DA:3,2
DA:4,2
DA:13,2
DA:14,98
DA:16,2
DA:17,33
DA:18,33
DA:19,33
DA:20,33
DA:21,33
DA:22,33
DA:23,33
DA:24,33
DA:25,33
DA:27,33
DA:28,5
DA:31,33
DA:32,22
DA:35,33
DA:36,22
DA:39,33
DA:40,10
DA:41,10
DA:43,10
DA:44,4
DA:45,4
DA:50,4
DA:51,6
DA:52,3
DA:53,3
DA:58,3
DA:59,3
DA:60,3
DA:61,1
DA:69,1
DA:70,1
DA:74,2
DA:78,2
DA:79,2
DA:81,2
DA:82,2
DA:84,2
DA:86,1
DA:87,1
DA:88,6
DA:97,1
DA:98,1
DA:101,1
DA:102,1
DA:103,6
DA:113,1
DA:115,0
DA:116,0
DA:117,0
DA:118,0
DA:119,0
DA:124,33
DA:125,10
DA:129,33
DA:132,33
DA:136,33
DA:142,0
DA:152,98
DA:199,2
LF:66
LH:60
BRDA:32,0,0,0
BRDA:32,0,1,22
BRDA:32,1,0,22
BRDA:32,1,1,22
BRDA:36,2,0,0
BRDA:36,2,1,22
BRDA:36,3,0,22
BRDA:36,3,1,22
BRDA:40,4,0,10
BRDA:43,5,0,4
BRDA:43,5,1,6
BRDA:51,6,0,3
BRDA:51,6,1,3
BRDA:59,7,0,3
BRDA:59,7,1,0
BRDA:60,8,0,1
BRDA:84,9,0,1
BRDA:84,9,1,1
BRDA:115,10,0,0
BRDA:129,11,0,33
BRDA:129,11,1,25
BRDA:129,12,0,5
BRDA:129,12,1,28
BRDA:129,13,0,33
BRDA:129,13,1,33
BRDA:130,14,0,5
BRDA:130,14,1,20
BRDA:130,15,0,25
BRDA:130,15,1,25
BRDA:133,16,0,14
BRDA:133,16,1,19
BRDA:154,17,0,2
BRDA:154,17,1,96
BRDA:157,18,0,12
BRDA:157,18,1,86
BRDA:157,19,0,98
BRDA:157,19,1,31
BRDA:162,20,0,86
BRDA:162,20,1,2
BRDA:170,21,0,33
BRDA:170,21,1,28
BRDA:170,21,2,33
BRDA:177,22,0,14
BRDA:177,22,1,19
BRDA:177,23,0,5
BRDA:177,23,1,28
BRDA:177,24,0,33
BRDA:177,24,1,33
BRF:48
BRH:44
end_of_record
TN:
SF:src/pages/Registration/index.ts
FN:1,(anonymous_1)
FNF:1
FNH:1
FNDA:2,(anonymous_1)
DA:1,3
LF:1
LH:1
BRF:0
BRH:0
end_of_record
TN:
SF:src/stores/useAuthStore.ts
FN:15,(anonymous_8)
FN:16,(anonymous_9)
FN:16,(anonymous_10)
FN:29,(anonymous_11)
FN:29,(anonymous_12)
FN:43,(anonymous_13)
FN:43,(anonymous_14)
FN:56,(anonymous_15)
FN:56,(anonymous_16)
FNF:9
FNH:9
FNDA:2,(anonymous_8)
FNDA:2,(anonymous_9)
FNDA:2,(anonymous_10)
FNDA:2,(anonymous_11)
FNDA:2,(anonymous_12)
FNDA:2,(anonymous_13)
FNDA:2,(anonymous_14)
FNDA:4,(anonymous_15)
FNDA:4,(anonymous_16)
DA:1,2
DA:2,2
DA:3,2
DA:13,2
DA:15,2
DA:16,2
DA:17,2
DA:18,2
DA:23,1
DA:25,1
DA:29,2
DA:30,2
DA:31,2
DA:36,1
DA:37,1
DA:39,1
DA:43,2
DA:44,2
DA:45,2
DA:50,1
DA:52,1
DA:56,4
DA:57,4
DA:58,4
DA:61,1
DA:62,1
DA:64,1
DA:65,1
LF:28
LH:28
BRF:0
BRH:0
end_of_record
TN:
SF:src/stores/useUserStore.ts
FN:19,(anonymous_8)
FN:21,(anonymous_9)
FN:23,(anonymous_10)
FN:23,(anonymous_11)
FN:40,(anonymous_12)
FN:40,(anonymous_13)
FNF:6
FNH:6
FNDA:3,(anonymous_8)
FNDA:1,(anonymous_9)
FNDA:3,(anonymous_10)
FNDA:3,(anonymous_11)
FNDA:3,(anonymous_12)
FNDA:3,(anonymous_13)
DA:1,3
DA:2,3
DA:17,3
DA:19,3
DA:21,1
DA:23,3
DA:24,3
DA:25,3
DA:27,2
DA:28,2
DA:33,1
DA:34,1
DA:36,1
DA:40,3
DA:41,3
DA:42,3
DA:43,2
DA:44,2
DA:45,1
DA:46,1
DA:48,1
LF:21
LH:21
BRDA:25,0,0,1
BRDA:42,1,0,1
BRF:2
BRH:2
end_of_record
