TN:
SF:src/config.ts
FNF:0
FNH:0
DA:1,1
DA:3,1
DA:5,1
DA:17,1
LF:4
LH:4
BRDA:6,0,0,1
BRDA:6,0,1,0
BRDA:8,1,0,1
BRDA:8,1,1,0
BRDA:9,2,0,1
BRDA:9,2,1,0
BRDA:10,3,0,1
BRDA:10,3,1,0
BRDA:11,4,0,1
BRDA:11,4,1,0
BRDA:12,5,0,1
BRDA:12,5,1,0
BRDA:14,6,0,1
BRDA:14,6,1,0
BRF:14
BRH:7
end_of_record
TN:
SF:src/config/db.config.ts
FN:15,(anonymous_1)
FN:18,(anonymous_2)
FN:22,(anonymous_3)
FNF:3
FNH:1
FNDA:0,(anonymous_1)
FNDA:0,(anonymous_2)
FNDA:1,(anonymous_3)
DA:1,1
DA:2,1
DA:5,1
DA:6,1
DA:14,1
DA:16,0
DA:19,0
DA:22,1
DA:23,1
DA:26,1
DA:35,0
DA:37,0
DA:41,1
DA:43,1
LF:14
LH:10
BRF:0
BRH:0
end_of_record
TN:
SF:src/controllers/auth.controller.ts
FN:6,(anonymous_1)
FN:36,(anonymous_2)
FN:59,(anonymous_3)
FN:81,(anonymous_4)
FN:82,(anonymous_5)
FN:90,(anonymous_6)
FN:106,(anonymous_7)
FNF:7
FNH:7
FNDA:3,(anonymous_1)
FNDA:5,(anonymous_2)
FNDA:2,(anonymous_3)
FNDA:2,(anonymous_4)
FNDA:2,(anonymous_5)
FNDA:4,(anonymous_6)
FNDA:1,(anonymous_7)
DA:2,1
DA:3,1
DA:6,1
DA:7,3
DA:8,3
DA:10,3
DA:14,3
DA:15,1
DA:16,1
DA:19,2
DA:20,2
DA:26,1
DA:31,1
DA:32,1
DA:36,1
DA:37,5
DA:38,5
DA:40,5
DA:43,4
DA:44,1
DA:45,1
DA:48,3
DA:49,3
DA:50,1
DA:51,1
DA:54,2
DA:58,2
DA:59,2
DA:60,2
DA:61,1
DA:64,1
DA:73,2
DA:75,1
DA:76,1
DA:77,1
DA:81,1
DA:82,2
DA:83,2
DA:84,1
DA:86,2
DA:90,1
DA:91,4
DA:93,4
DA:94,1
DA:95,1
DA:99,3
DA:104,2
DA:106,1
DA:107,1
DA:108,1
DA:111,1
DA:113,1
LF:52
LH:52
BRDA:14,0,0,1
BRDA:43,1,0,1
BRDA:49,2,0,1
BRDA:60,3,0,1
BRDA:83,4,0,1
BRDA:93,5,0,1
BRDA:104,6,0,1
BRF:7
BRH:7
end_of_record
TN:
SF:src/controllers/user.controller.factory.ts
FN:6,(anonymous_0)
FN:7,(anonymous_1)
FN:17,(anonymous_2)
FN:29,(anonymous_3)
FN:42,(anonymous_4)
FNF:5
FNH:5
FNDA:1,(anonymous_0)
FNDA:2,(anonymous_1)
FNDA:3,(anonymous_2)
FNDA:3,(anonymous_3)
FNDA:3,(anonymous_4)
DA:6,1
DA:8,2
DA:9,2
DA:10,2
DA:11,1
DA:13,1
DA:18,3
DA:19,3
DA:20,2
DA:21,2
DA:23,1
DA:30,3
DA:31,3
DA:32,3
DA:33,2
DA:34,2
DA:36,1
DA:43,3
DA:44,3
DA:45,2
DA:46,1
DA:47,2
DA:49,1
LF:23
LH:23
BRDA:20,0,0,1
BRDA:33,1,0,1
BRDA:45,2,0,1
BRF:3
BRH:3
end_of_record
TN:
SF:src/models/user.model.ts
FN:10,(anonymous_0)
FN:12,(anonymous_1)
FN:19,(anonymous_2)
FN:23,(anonymous_3)
FN:30,(anonymous_4)
FN:34,(anonymous_5)
FNF:6
FNH:5
FNDA:1,(anonymous_0)
FNDA:1,(anonymous_1)
FNDA:1,(anonymous_2)
FNDA:1,(anonymous_3)
FNDA:1,(anonymous_4)
FNDA:0,(anonymous_5)
DA:10,1
DA:11,1
DA:13,1
DA:20,1
DA:24,1
DA:31,1
DA:34,0
LF:7
LH:6
BRF:0
BRH:0
end_of_record
